Using pre-set license
Built from '2020.3/staging' branch; Version is '2020.3.43f1 (75bff06b76bf) revision 7716848'; Using compiler version '192528614'; Build Type 'Release'
OS: 'Windows 10  (10.0.19045) 64bit Professional' Language: 'vi' Physical Memory: 7959 MB
BatchMode: 1, IsHumanControllingUs: 0, StartBugReporterOnCrash: 0, Is64bit: 1, IsPro: 0

COMMAND LINE ARGUMENTS:
D:\Unity 2019\Hub\Editor\2020.3.43f1\Editor\Unity.exe
-adb2
-batchMode
-noUpm
-name
AssetImportWorker0
-projectPath
C:/Users/BTDuong/FlaapyBird
-logFile
Logs/AssetImportWorker0.log
-srvPort
61506
Successfully changed project path to: C:/Users/BTDuong/FlaapyBird
C:/Users/BTDuong/FlaapyBird
Using Asset Import Pipeline V2.
Refreshing native plugins compatible for Editor in 52.48 ms, found 3 plugins.
Preloading 0 native plugins for Editor in 0.00 ms.
Initialize engine version: 2020.3.43f1 (75bff06b76bf)
[Subsystems] Discovering subsystems at path D:/Unity 2019/Hub/Editor/2020.3.43f1/Editor/Data/Resources/UnitySubsystems
[Subsystems] Discovering subsystems at path C:/Users/BTDuong/FlaapyBird/Assets
GfxDevice: creating device client; threaded=0
Direct3D:
    Version:  Direct3D 11.0 [level 11.1]
    Renderer: NVIDIA GeForce MX230 (ID=0x1d11)
    Vendor:   
    VRAM:     1984 MB
    Driver:   31.0.15.1694
Initialize mono
Mono path[0] = 'D:/Unity 2019/Hub/Editor/2020.3.43f1/Editor/Data/Managed'
Mono path[1] = 'D:/Unity 2019/Hub/Editor/2020.3.43f1/Editor/Data/MonoBleedingEdge/lib/mono/unityjit'
Mono config path = 'D:/Unity 2019/Hub/Editor/2020.3.43f1/Editor/Data/MonoBleedingEdge/etc'
Using monoOptions --debugger-agent=transport=dt_socket,embedding=1,server=y,suspend=n,address=127.0.0.1:56432
Begin MonoManager ReloadAssembly
Registering precompiled unity dll's ...
Register platform support module: D:/Unity 2019/Hub/Editor/2020.3.43f1/Editor/Data/PlaybackEngines/WindowsStandaloneSupport/UnityEditor.WindowsStandalone.Extensions.dll
Registered in 0.001083 seconds.
Native extension for WindowsStandalone target not found
Refreshing native plugins compatible for Editor in 50.52 ms, found 3 plugins.
Preloading 0 native plugins for Editor in 0.00 ms.
Mono: successfully reloaded assembly
- Completed reload, in  0.679 seconds
Domain Reload Profiling:
	ReloadAssembly (679ms)
		BeginReloadAssembly (81ms)
			ExecutionOrderSort (0ms)
			DisableScriptedObjects (0ms)
			BackupInstance (0ms)
			ReleaseScriptingObjects (0ms)
			CreateAndSetChildDomain (1ms)
		EndReloadAssembly (524ms)
			LoadAssemblies (80ms)
			RebuildTransferFunctionScriptingTraits (0ms)
			SetupTypeCache (151ms)
			ReleaseScriptCaches (0ms)
			RebuildScriptCaches (28ms)
			SetupLoadedEditorAssemblies (204ms)
				LogAssemblyErrors (0ms)
				InitializePlatformSupportModulesInManaged (4ms)
				SetLoadedEditorAssemblies (0ms)
				RefreshPlugins (51ms)
				BeforeProcessingInitializeOnLoad (17ms)
				ProcessInitializeOnLoadAttributes (87ms)
				ProcessInitializeOnLoadMethodAttributes (45ms)
				AfterProcessingInitializeOnLoad (0ms)
				EditorAssembliesLoaded (0ms)
			ExecutionOrderSort2 (0ms)
			AwakeInstancesAfterBackupRestoration (0ms)
Platform modules already initialized, skipping
Registering precompiled user dll's ...
Registered in 0.002885 seconds.
Begin MonoManager ReloadAssembly
Native extension for WindowsStandalone target not found
Refreshing native plugins compatible for Editor in 48.63 ms, found 3 plugins.
Preloading 0 native plugins for Editor in 0.00 ms.
Mono: successfully reloaded assembly
- Completed reload, in  1.154 seconds
Domain Reload Profiling:
	ReloadAssembly (1155ms)
		BeginReloadAssembly (162ms)
			ExecutionOrderSort (0ms)
			DisableScriptedObjects (6ms)
			BackupInstance (0ms)
			ReleaseScriptingObjects (0ms)
			CreateAndSetChildDomain (21ms)
		EndReloadAssembly (922ms)
			LoadAssemblies (128ms)
			RebuildTransferFunctionScriptingTraits (0ms)
			SetupTypeCache (301ms)
			ReleaseScriptCaches (0ms)
			RebuildScriptCaches (47ms)
			SetupLoadedEditorAssemblies (359ms)
				LogAssemblyErrors (0ms)
				InitializePlatformSupportModulesInManaged (3ms)
				SetLoadedEditorAssemblies (0ms)
				RefreshPlugins (49ms)
				BeforeProcessingInitializeOnLoad (81ms)
				ProcessInitializeOnLoadAttributes (203ms)
				ProcessInitializeOnLoadMethodAttributes (20ms)
				AfterProcessingInitializeOnLoad (2ms)
				EditorAssembliesLoaded (0ms)
			ExecutionOrderSort2 (0ms)
			AwakeInstancesAfterBackupRestoration (2ms)
Platform modules already initialized, skipping
========================================================================
Worker process is ready to serve import requests
Launched and connected shader compiler UnityShaderCompiler.exe after 0.08 seconds
Refreshing native plugins compatible for Editor in 0.54 ms, found 3 plugins.
Preloading 0 native plugins for Editor in 0.00 ms.
Unloading 2308 Unused Serialized files (Serialized files now loaded: 0)
System memory in use before: 113.1 MB.
System memory in use after: 113.2 MB.

Unloading 37 unused Assets to reduce memory usage. Loaded Objects now: 2752.
Total: 9.764100 ms (FindLiveObjects: 0.170800 ms CreateObjectMapping: 0.079000 ms MarkObjects: 9.427000 ms  DeleteObjects: 0.086000 ms)

AssetImportParameters requested are different than current active one (requested -> active):
  custom:framework-win-MediaFoundation: 216162199b28c13a410421893ffa2e32 -> 
  custom:video-decoder-ogg-theora: a1e56fd34408186e4bbccfd4996cb3dc -> 
  custom:container-muxer-webm: aa71ff27fc2769a1b78a27578f13a17b -> 
  custom:container-demuxer-webm: 4f35f7cbe854078d1ac9338744f61a02 -> 
  custom:container-demuxer-ogg: 62fdf1f143b41e24485cea50d1cbac27 -> 
  custom:video-encoder-webm-vp8: eb34c28f22e8b96e1ab97ce403110664 -> 
  custom:video-decoder-webm-vp8: 9c59270c3fd7afecdb556c50c9e8de78 -> 
  custom:audio-decoder-ogg-vorbis: bf7c407c2cedff20999df2af8eb42d56 -> 
  custom:audio-encoder-webm-vorbis: bf7c407c2cedff20999df2af8eb42d56 -> 
========================================================================
Received Import Request.
  path: Assets/Sprites/9.png
  artifactKey: Guid(2625bc962f2d94c48a4ca944b526fb87) Importer(815301076,1909f56bfc062723c751e8b465ee728b)
Start importing Assets/Sprites/9.png using Guid(2625bc962f2d94c48a4ca944b526fb87) Importer(815301076,1909f56bfc062723c751e8b465ee728b)  -> (artifact id: '0354abe50070f0dab07bffd8bd33e408') in 0.279803 seconds 
========================================================================
Received Import Request.
  Time since last request: 0.000386 seconds.
  path: Assets/Sprites/yellowbird-downflap.png
  artifactKey: Guid(d300bb7a45d8c064abc60b64fda2f062) Importer(815301076,1909f56bfc062723c751e8b465ee728b)
Start importing Assets/Sprites/yellowbird-downflap.png using Guid(d300bb7a45d8c064abc60b64fda2f062) Importer(815301076,1909f56bfc062723c751e8b465ee728b)  -> (artifact id: '2e7b1aec76f82231c0d6496a88257cfb') in 0.010342 seconds 
========================================================================
Received Import Request.
  Time since last request: 0.000244 seconds.
  path: Assets/Sprites/pipe-red.png
  artifactKey: Guid(f57cb48f4bec37a4aa4c7309eb5d859e) Importer(815301076,1909f56bfc062723c751e8b465ee728b)
Start importing Assets/Sprites/pipe-red.png using Guid(f57cb48f4bec37a4aa4c7309eb5d859e) Importer(815301076,1909f56bfc062723c751e8b465ee728b)  -> (artifact id: '2c7f2f271e4ddeb075a8667848d47948') in 0.013843 seconds 
========================================================================
Received Import Request.
  Time since last request: 0.000312 seconds.
  path: Assets/Sprites/3.png
  artifactKey: Guid(7f1c9c08912c50f488cc2683caee4df5) Importer(815301076,1909f56bfc062723c751e8b465ee728b)
Start importing Assets/Sprites/3.png using Guid(7f1c9c08912c50f488cc2683caee4df5) Importer(815301076,1909f56bfc062723c751e8b465ee728b)  -> (artifact id: '720554b53025c15f35b628a83e5e046e') in 0.009254 seconds 
========================================================================
Received Import Request.
  Time since last request: 0.000221 seconds.
  path: Assets/Sprites/redbird-downflap.png
  artifactKey: Guid(688a7d2d93f73114b939307226cec6ab) Importer(815301076,1909f56bfc062723c751e8b465ee728b)
Start importing Assets/Sprites/redbird-downflap.png using Guid(688a7d2d93f73114b939307226cec6ab) Importer(815301076,1909f56bfc062723c751e8b465ee728b)  -> (artifact id: '75e56efb1db62b4284fcf16686d49882') in 0.007510 seconds 
========================================================================
Received Import Request.
  Time since last request: 0.000221 seconds.
  path: Assets/Sprites/6.png
  artifactKey: Guid(98be06c24a230664bbcaf9cffdd97870) Importer(815301076,1909f56bfc062723c751e8b465ee728b)
Start importing Assets/Sprites/6.png using Guid(98be06c24a230664bbcaf9cffdd97870) Importer(815301076,1909f56bfc062723c751e8b465ee728b)  -> (artifact id: '54e784fe908e1bb63acc0359722bab43') in 0.009112 seconds 
========================================================================
Received Import Request.
  Time since last request: 0.000231 seconds.
  path: Assets/Sprites/gameover.png
  artifactKey: Guid(8845687111105854189931e17f8f4174) Importer(815301076,1909f56bfc062723c751e8b465ee728b)
Start importing Assets/Sprites/gameover.png using Guid(8845687111105854189931e17f8f4174) Importer(815301076,1909f56bfc062723c751e8b465ee728b)  -> (artifact id: '248624d22370cbd21e2c8cc370b14ddd') in 0.015867 seconds 
========================================================================
Received Import Request.
  Time since last request: 0.000286 seconds.
  path: Assets/Sprites/background-day.png
  artifactKey: Guid(dc7c38127e5994846bcff3490d19c1aa) Importer(815301076,1909f56bfc062723c751e8b465ee728b)
Start importing Assets/Sprites/background-day.png using Guid(dc7c38127e5994846bcff3490d19c1aa) Importer(815301076,1909f56bfc062723c751e8b465ee728b)  -> (artifact id: '79e8ab77815708b6e18dd236ac2df831') in 0.013179 seconds 
========================================================================
Received Import Request.
  Time since last request: 0.000244 seconds.
  path: Assets/Sprites/1.png
  artifactKey: Guid(11cc4e0a93147214b9c1fc6804e9b113) Importer(815301076,1909f56bfc062723c751e8b465ee728b)
Start importing Assets/Sprites/1.png using Guid(11cc4e0a93147214b9c1fc6804e9b113) Importer(815301076,1909f56bfc062723c751e8b465ee728b)  -> (artifact id: 'd754335c8deaf641fcab2bca9f4e4739') in 0.010640 seconds 
========================================================================
Received Import Request.
  Time since last request: 0.000227 seconds.
  path: Assets/Sprites/2.png
  artifactKey: Guid(49bca04e3e1aa384aa5cee0349854b80) Importer(815301076,1909f56bfc062723c751e8b465ee728b)
Start importing Assets/Sprites/2.png using Guid(49bca04e3e1aa384aa5cee0349854b80) Importer(815301076,1909f56bfc062723c751e8b465ee728b)  -> (artifact id: '691249063c97da3682a085ce44efe8d8') in 0.007836 seconds 
========================================================================
Received Import Request.
  Time since last request: 0.000233 seconds.
  path: Assets/Sprites/4.png
  artifactKey: Guid(7311783b25a6ac448a84d47092f9109b) Importer(815301076,1909f56bfc062723c751e8b465ee728b)
Start importing Assets/Sprites/4.png using Guid(7311783b25a6ac448a84d47092f9109b) Importer(815301076,1909f56bfc062723c751e8b465ee728b)  -> (artifact id: '70bcd63817725771a0ff13c6e1b61a91') in 0.007959 seconds 
========================================================================
Received Import Request.
  Time since last request: 0.000284 seconds.
  path: Assets/Sprites/message.png
  artifactKey: Guid(4dcc13bfa1c87f04592218c1cfbe1c46) Importer(815301076,1909f56bfc062723c751e8b465ee728b)
Start importing Assets/Sprites/message.png using Guid(4dcc13bfa1c87f04592218c1cfbe1c46) Importer(815301076,1909f56bfc062723c751e8b465ee728b)  -> (artifact id: '9c869b2e04d1545aa07d4f7a21a469d9') in 0.011003 seconds 
========================================================================
Received Import Request.
  Time since last request: 0.000339 seconds.
  path: Assets/Sprites/base.png
  artifactKey: Guid(f7c8549e6b22a5d4f9f4a3c7061bc422) Importer(815301076,1909f56bfc062723c751e8b465ee728b)
Start importing Assets/Sprites/base.png using Guid(f7c8549e6b22a5d4f9f4a3c7061bc422) Importer(815301076,1909f56bfc062723c751e8b465ee728b)  -> (artifact id: '4a02b64b394be5ccf0df72fd324ea6de') in 0.012218 seconds 
========================================================================
Received Import Request.
  Time since last request: 0.000292 seconds.
  path: Assets/Sprites/bluebird-upflap.png
  artifactKey: Guid(e513a5950ba09df46853e536e75fd7ea) Importer(815301076,1909f56bfc062723c751e8b465ee728b)
Start importing Assets/Sprites/bluebird-upflap.png using Guid(e513a5950ba09df46853e536e75fd7ea) Importer(815301076,1909f56bfc062723c751e8b465ee728b)  -> (artifact id: '9e8d63632048eac746d630498e2ee707') in 0.008957 seconds 
========================================================================
Received Import Request.
  Time since last request: 0.000223 seconds.
  path: Assets/Sprites/0.png
  artifactKey: Guid(97176e056717dfe47b7f881777f3fe7b) Importer(815301076,1909f56bfc062723c751e8b465ee728b)
Start importing Assets/Sprites/0.png using Guid(97176e056717dfe47b7f881777f3fe7b) Importer(815301076,1909f56bfc062723c751e8b465ee728b)  -> (artifact id: 'b9c6056c1664185c38a3ad88a025ed54') in 0.007875 seconds 
========================================================================
Received Import Request.
  Time since last request: 0.000264 seconds.
  path: Assets/Sprites/redbird-midflap.png
  artifactKey: Guid(d59532dd82ac5774780d5d2f45912034) Importer(815301076,1909f56bfc062723c751e8b465ee728b)
Start importing Assets/Sprites/redbird-midflap.png using Guid(d59532dd82ac5774780d5d2f45912034) Importer(815301076,1909f56bfc062723c751e8b465ee728b)  -> (artifact id: 'c6ee1094f64f8b8614e33864d854b99f') in 0.009566 seconds 
========================================================================
Received Import Request.
  Time since last request: 0.000337 seconds.
  path: Assets/Sprites/redbird-upflap.png
  artifactKey: Guid(2f981fd3330953f45927fe5b539c67bf) Importer(815301076,1909f56bfc062723c751e8b465ee728b)
Start importing Assets/Sprites/redbird-upflap.png using Guid(2f981fd3330953f45927fe5b539c67bf) Importer(815301076,1909f56bfc062723c751e8b465ee728b)  -> (artifact id: '6de267c7c89d346c987c21898e48b45a') in 0.008429 seconds 
========================================================================
Received Import Request.
  Time since last request: 0.000335 seconds.
  path: Assets/Sprites/7.png
  artifactKey: Guid(b8bb2935870f33d44a83fa533dcd4d6a) Importer(815301076,1909f56bfc062723c751e8b465ee728b)
Start importing Assets/Sprites/7.png using Guid(b8bb2935870f33d44a83fa533dcd4d6a) Importer(815301076,1909f56bfc062723c751e8b465ee728b)  -> (artifact id: 'df59765467d3f4ff8743f9783f3907fc') in 0.010016 seconds 
========================================================================
Received Import Request.
  Time since last request: 0.000227 seconds.
  path: Assets/Sprites/background-night.png
  artifactKey: Guid(bdfff29665149d440bc003679c7e028e) Importer(815301076,1909f56bfc062723c751e8b465ee728b)
Start importing Assets/Sprites/background-night.png using Guid(bdfff29665149d440bc003679c7e028e) Importer(815301076,1909f56bfc062723c751e8b465ee728b)  -> (artifact id: 'dc5d0c86e04b2cb1af99bc0a5e001204') in 0.009232 seconds 
========================================================================
Received Import Request.
  Time since last request: 0.000413 seconds.
  path: Assets/Sprites/pipe-green.png
  artifactKey: Guid(6a4d30677d3c0e3459bb6b1132273e81) Importer(815301076,1909f56bfc062723c751e8b465ee728b)
Start importing Assets/Sprites/pipe-green.png using Guid(6a4d30677d3c0e3459bb6b1132273e81) Importer(815301076,1909f56bfc062723c751e8b465ee728b)  -> (artifact id: '88629c222d46c661dfc5fb108a2a9ea2') in 0.011978 seconds 
========================================================================
Received Import Request.
  Time since last request: 0.000208 seconds.
  path: Assets/Sprites/yellowbird-midflap.png
  artifactKey: Guid(4b4a2832ace91e24490d5c77f2b43cd3) Importer(815301076,1909f56bfc062723c751e8b465ee728b)
Start importing Assets/Sprites/yellowbird-midflap.png using Guid(4b4a2832ace91e24490d5c77f2b43cd3) Importer(815301076,1909f56bfc062723c751e8b465ee728b)  -> (artifact id: '5968b70619b51c9ce712a7adf84beb2b') in 0.008103 seconds 
========================================================================
Received Import Request.
  Time since last request: 0.000231 seconds.
  path: Assets/Sprites/bluebird-downflap.png
  artifactKey: Guid(a39b95ed3c222d748848a96b1d0ff259) Importer(815301076,1909f56bfc062723c751e8b465ee728b)
Start importing Assets/Sprites/bluebird-downflap.png using Guid(a39b95ed3c222d748848a96b1d0ff259) Importer(815301076,1909f56bfc062723c751e8b465ee728b)  -> (artifact id: 'e8b494796419917467e5ea2759970f5c') in 0.007632 seconds 
========================================================================
Received Import Request.
  Time since last request: 0.000311 seconds.
  path: Assets/Sprites/yellowbird-upflap.png
  artifactKey: Guid(5f887cabe0cb36646a3f18f7986b75d8) Importer(815301076,1909f56bfc062723c751e8b465ee728b)
Start importing Assets/Sprites/yellowbird-upflap.png using Guid(5f887cabe0cb36646a3f18f7986b75d8) Importer(815301076,1909f56bfc062723c751e8b465ee728b)  -> (artifact id: '5f240dc640534899273ef0850b1dd267') in 0.009001 seconds 
========================================================================
Received Import Request.
  Time since last request: 0.000245 seconds.
  path: Assets/Sprites/5.png
  artifactKey: Guid(5d2c38e39be92d2419d2cd766f617d51) Importer(815301076,1909f56bfc062723c751e8b465ee728b)
Start importing Assets/Sprites/5.png using Guid(5d2c38e39be92d2419d2cd766f617d51) Importer(815301076,1909f56bfc062723c751e8b465ee728b)  -> (artifact id: '397cad72af34a8bdcd9e1d3a010fe3a0') in 0.009010 seconds 
========================================================================
Received Import Request.
  Time since last request: 0.000257 seconds.
  path: Assets/Sprites/bluebird-midflap.png
  artifactKey: Guid(b3edda100160c334dad3cb33677e3fd4) Importer(815301076,1909f56bfc062723c751e8b465ee728b)
Start importing Assets/Sprites/bluebird-midflap.png using Guid(b3edda100160c334dad3cb33677e3fd4) Importer(815301076,1909f56bfc062723c751e8b465ee728b)  -> (artifact id: '285ae63547542a41b92428d32adaa9f3') in 0.008891 seconds 
========================================================================
Received Import Request.
  Time since last request: 0.000248 seconds.
  path: Assets/Sprites/8.png
  artifactKey: Guid(198574780dafc91489dc2e8aaad75b8d) Importer(815301076,1909f56bfc062723c751e8b465ee728b)
Start importing Assets/Sprites/8.png using Guid(198574780dafc91489dc2e8aaad75b8d) Importer(815301076,1909f56bfc062723c751e8b465ee728b)  -> (artifact id: '08477abf6da2f537016129938d88ffc5') in 0.007306 seconds 
========================================================================
Received Prepare
Registering precompiled user dll's ...
Registered in 0.003224 seconds.
Begin MonoManager ReloadAssembly
Native extension for WindowsStandalone target not found
Refreshing native plugins compatible for Editor in 0.56 ms, found 3 plugins.
Preloading 0 native plugins for Editor in 0.00 ms.
Mono: successfully reloaded assembly
- Completed reload, in  1.146 seconds
Domain Reload Profiling:
	ReloadAssembly (1146ms)
		BeginReloadAssembly (159ms)
			ExecutionOrderSort (0ms)
			DisableScriptedObjects (6ms)
			BackupInstance (0ms)
			ReleaseScriptingObjects (0ms)
			CreateAndSetChildDomain (42ms)
		EndReloadAssembly (922ms)
			LoadAssemblies (115ms)
			RebuildTransferFunctionScriptingTraits (0ms)
			SetupTypeCache (300ms)
			ReleaseScriptCaches (1ms)
			RebuildScriptCaches (41ms)
			SetupLoadedEditorAssemblies (301ms)
				LogAssemblyErrors (0ms)
				InitializePlatformSupportModulesInManaged (4ms)
				SetLoadedEditorAssemblies (1ms)
				RefreshPlugins (1ms)
				BeforeProcessingInitializeOnLoad (82ms)
				ProcessInitializeOnLoadAttributes (195ms)
				ProcessInitializeOnLoadMethodAttributes (16ms)
				AfterProcessingInitializeOnLoad (2ms)
				EditorAssembliesLoaded (0ms)
			ExecutionOrderSort2 (0ms)
			AwakeInstancesAfterBackupRestoration (4ms)
Platform modules already initialized, skipping
Switching build target platform(19) subTarget(0) extendedPlatform(0) -> platform(13) subTarget(537395200) extendedPlatform(0)
Refreshing native plugins compatible for Editor in 0.48 ms, found 3 plugins.
Preloading 0 native plugins for Editor in 0.00 ms.
Unloading 2301 Unused Serialized files (Serialized files now loaded: 0)
System memory in use before: 115.5 MB.
System memory in use after: 115.7 MB.

Unloading 26 unused Assets to reduce memory usage. Loaded Objects now: 2776.
Total: 2.760700 ms (FindLiveObjects: 0.139700 ms CreateObjectMapping: 0.059400 ms MarkObjects: 2.537600 ms  DeleteObjects: 0.023200 ms)

AssetImportParameters requested are different than current active one (requested -> active):
  custom:framework-win-MediaFoundation: 216162199b28c13a410421893ffa2e32 -> 
  custom:video-decoder-ogg-theora: a1e56fd34408186e4bbccfd4996cb3dc -> 
  custom:container-muxer-webm: aa71ff27fc2769a1b78a27578f13a17b -> 
  custom:container-demuxer-webm: 4f35f7cbe854078d1ac9338744f61a02 -> 
  custom:container-demuxer-ogg: 62fdf1f143b41e24485cea50d1cbac27 -> 
  custom:video-encoder-webm-vp8: eb34c28f22e8b96e1ab97ce403110664 -> 
  custom:video-decoder-webm-vp8: 9c59270c3fd7afecdb556c50c9e8de78 -> 
  custom:graphics/normal-map-encoding: 01000000000000000000000000000000 -> 02000000000000000000000000000000
  custom:audio-decoder-ogg-vorbis: bf7c407c2cedff20999df2af8eb42d56 -> 
  custom:audio-encoder-webm-vorbis: bf7c407c2cedff20999df2af8eb42d56 -> 
========================================================================
Received Prepare
Refreshing native plugins compatible for Editor in 6.53 ms, found 3 plugins.
Preloading 0 native plugins for Editor in 0.00 ms.
Unloading 24 Unused Serialized files (Serialized files now loaded: 0)
System memory in use before: 70.6 MB.
System memory in use after: 70.8 MB.

Unloading 24 unused Assets to reduce memory usage. Loaded Objects now: 2776.
Total: 3.287200 ms (FindLiveObjects: 0.320600 ms CreateObjectMapping: 0.153600 ms MarkObjects: 2.786400 ms  DeleteObjects: 0.025300 ms)

AssetImportParameters requested are different than current active one (requested -> active):
  custom:framework-win-MediaFoundation: 216162199b28c13a410421893ffa2e32 -> 
  custom:video-decoder-ogg-theora: a1e56fd34408186e4bbccfd4996cb3dc -> 
  custom:container-muxer-webm: aa71ff27fc2769a1b78a27578f13a17b -> 
  custom:container-demuxer-webm: 4f35f7cbe854078d1ac9338744f61a02 -> 
  custom:container-demuxer-ogg: 62fdf1f143b41e24485cea50d1cbac27 -> 
  custom:video-encoder-webm-vp8: eb34c28f22e8b96e1ab97ce403110664 -> 
  custom:video-decoder-webm-vp8: 9c59270c3fd7afecdb556c50c9e8de78 -> 
  custom:audio-decoder-ogg-vorbis: bf7c407c2cedff20999df2af8eb42d56 -> 
  custom:audio-encoder-webm-vorbis: bf7c407c2cedff20999df2af8eb42d56 -> 
AssetImportWorkerClient::OnTransportError - code=2 error=End of file
